#:C0     
#Xilinx FPGA Editor Command Log File
#Editor Version:
#:V   NT M2.1 P.20131013
#Current Working Directory:
#:D   D:\cbradford\WorkingExampleCollinDebug\GPS_ADC_\GEL_CAPTAN
#Date/Time:
#:T   Tue Jul 12 10:33:20 2016
#------------------------------
	#Reading TOP_LEVEL.ncd...
	#Loading device for application Rf_Device from file '4vlx25.nph' in environment C:\Xilinx\14.7\ISE_DS\ISE\.
	#   "TOP_LEVEL" is an NCD, version 3.2, device xc4vlx25, package ff668, speed -10
	#This design is using the default stepping level (major silicon revision) for this device (1). Unless your design is targeted at devices of this stepping level, it is recommended that you explicitly specify the stepping level of the parts you will be using. This will allow the tools to take advantage of any available performance and functional enhancements for this device. The latest stepping level for this device is '2'. Additional information on "stepping level" is available at support.xilinx.com.
	#Design creation date: 2016.07.12.15.30.59
	#Building chip graphics...
	#Loading speed info...
	#1
setattr main edit-mode no-logic-changes
	#2
unselect -all
